Backend store URI not provided. Using sqlite:///mlflow.db
Registry store URI not provided. Using backend store URI.
2026/02/12 15:02:15 INFO alembic.runtime.plugins: setup plugin alembic.autogenerate.schemas
2026/02/12 15:02:15 INFO alembic.runtime.plugins: setup plugin alembic.autogenerate.tables
2026/02/12 15:02:15 INFO alembic.runtime.plugins: setup plugin alembic.autogenerate.types
2026/02/12 15:02:15 INFO alembic.runtime.plugins: setup plugin alembic.autogenerate.constraints
2026/02/12 15:02:15 INFO alembic.runtime.plugins: setup plugin alembic.autogenerate.defaults
2026/02/12 15:02:15 INFO alembic.runtime.plugins: setup plugin alembic.autogenerate.comments
2026/02/12 15:02:16 INFO alembic.runtime.migration: Context impl SQLiteImpl.
2026/02/12 15:02:16 INFO alembic.runtime.migration: Will assume non-transactional DDL.
[MLflow] Security middleware enabled with default settings (localhost-only). To allow connections from other hosts, use --host 0.0.0.0 and configure --allowed-hosts and --cors-allowed-origins.
INFO:     Uvicorn running on http://127.0.0.1:5000 (Press CTRL+C to quit)
INFO:     Started parent process [48969]
2026/02/12 15:02:18 INFO mlflow.server.jobs.utils: Starting huey consumer for job function run_online_session_scorer
2026/02/12 15:02:18 INFO mlflow.server.jobs.utils: Starting huey consumer for job function invoke_scorer
2026/02/12 15:02:18 INFO mlflow.server.jobs.utils: Starting huey consumer for job function run_online_trace_scorer
2026/02/12 15:02:18 INFO mlflow.server.jobs.utils: Starting dedicated Huey consumer for periodic tasks
2026/02/12 15:02:19 INFO alembic.runtime.plugins: setup plugin alembic.autogenerate.schemas
2026/02/12 15:02:19 INFO alembic.runtime.plugins: setup plugin alembic.autogenerate.tables
2026/02/12 15:02:19 INFO alembic.runtime.plugins: setup plugin alembic.autogenerate.types
2026/02/12 15:02:19 INFO alembic.runtime.plugins: setup plugin alembic.autogenerate.constraints
2026/02/12 15:02:19 INFO alembic.runtime.plugins: setup plugin alembic.autogenerate.defaults
2026/02/12 15:02:19 INFO alembic.runtime.plugins: setup plugin alembic.autogenerate.comments
2026/02/12 15:02:19 INFO alembic.runtime.plugins: setup plugin alembic.autogenerate.schemas
2026/02/12 15:02:19 INFO alembic.runtime.plugins: setup plugin alembic.autogenerate.tables
2026/02/12 15:02:19 INFO alembic.runtime.plugins: setup plugin alembic.autogenerate.types
2026/02/12 15:02:19 INFO alembic.runtime.plugins: setup plugin alembic.autogenerate.constraints
2026/02/12 15:02:19 INFO alembic.runtime.plugins: setup plugin alembic.autogenerate.defaults
2026/02/12 15:02:19 INFO alembic.runtime.plugins: setup plugin alembic.autogenerate.comments
2026/02/12 15:02:19 INFO alembic.runtime.plugins: setup plugin alembic.autogenerate.schemas
2026/02/12 15:02:19 INFO alembic.runtime.plugins: setup plugin alembic.autogenerate.tables
2026/02/12 15:02:19 INFO alembic.runtime.plugins: setup plugin alembic.autogenerate.types
2026/02/12 15:02:19 INFO alembic.runtime.plugins: setup plugin alembic.autogenerate.constraints
2026/02/12 15:02:19 INFO alembic.runtime.plugins: setup plugin alembic.autogenerate.defaults
2026/02/12 15:02:19 INFO alembic.runtime.plugins: setup plugin alembic.autogenerate.comments
2026/02/12 15:02:19 INFO alembic.runtime.plugins: setup plugin alembic.autogenerate.schemas
2026/02/12 15:02:19 INFO alembic.runtime.plugins: setup plugin alembic.autogenerate.tables
2026/02/12 15:02:19 INFO alembic.runtime.plugins: setup plugin alembic.autogenerate.types
2026/02/12 15:02:19 INFO alembic.runtime.plugins: setup plugin alembic.autogenerate.constraints
2026/02/12 15:02:19 INFO alembic.runtime.plugins: setup plugin alembic.autogenerate.defaults
2026/02/12 15:02:19 INFO alembic.runtime.plugins: setup plugin alembic.autogenerate.comments
INFO:     Started server process [48973]
INFO:     Waiting for application startup.
INFO:     Application startup complete.
INFO:     Started server process [48972]
INFO:     Waiting for application startup.
INFO:     Started server process [48975]
INFO:     Waiting for application startup.
INFO:     Application startup complete.
INFO:     Application startup complete.
INFO:     Started server process [48974]
INFO:     Waiting for application startup.
INFO:     Application startup complete.
2026/02/12 15:02:21 INFO mlflow.server.jobs.utils: Registered online_scoring_scheduler periodic task (runs every 1 minute)
[2026-02-12 15:02:21,865] INFO:huey.consumer:MainThread:Huey consumer started with 5 thread, PID 48989 at 2026-02-12 09:32:21.865817
[2026-02-12 15:02:21,865] INFO:huey.consumer:MainThread:Huey consumer started with 5 thread, PID 48988 at 2026-02-12 09:32:21.865811
[2026-02-12 15:02:21,865] INFO:huey.consumer:MainThread:Huey consumer started with 5 thread, PID 48986 at 2026-02-12 09:32:21.865892
[2026-02-12 15:02:21,865] INFO:huey.consumer:MainThread:Scheduler runs every 1 second(s).
[2026-02-12 15:02:21,865] INFO:huey.consumer:MainThread:Scheduler runs every 1 second(s).
[2026-02-12 15:02:21,866] INFO:huey.consumer:MainThread:Huey consumer started with 10 thread, PID 48987 at 2026-02-12 09:32:21.866034
[2026-02-12 15:02:21,865] INFO:huey.consumer:MainThread:Scheduler runs every 1 second(s).
[2026-02-12 15:02:21,866] INFO:huey.consumer:MainThread:Periodic tasks are enabled.
[2026-02-12 15:02:21,866] INFO:huey.consumer:MainThread:Periodic tasks are enabled.
[2026-02-12 15:02:21,866] INFO:huey.consumer:MainThread:The following commands are available:
+ mlflow.server.jobs.utils._exec_job
+ mlflow.server.jobs.utils.online_scoring_scheduler
[2026-02-12 15:02:21,866] INFO:huey.consumer:MainThread:The following commands are available:
+ mlflow.server.jobs.utils._exec_job
[2026-02-12 15:02:21,866] INFO:huey.consumer:MainThread:Periodic tasks are enabled.
[2026-02-12 15:02:21,866] INFO:huey.consumer:MainThread:Scheduler runs every 1 second(s).
[2026-02-12 15:02:21,866] INFO:huey.consumer:MainThread:The following commands are available:
+ mlflow.server.jobs.utils._exec_job
[2026-02-12 15:02:21,866] INFO:huey.consumer:MainThread:Periodic tasks are enabled.
[2026-02-12 15:02:21,866] INFO:huey.consumer:MainThread:The following commands are available:
+ mlflow.server.jobs.utils._exec_job
[2026-02-12 15:02:21,868] INFO:huey.consumer.Scheduler:Scheduler:Enqueueing periodic task mlflow.server.jobs.utils.online_scoring_scheduler: e8b27844-6851-43e7-80af-0ccda9175f19.
[2026-02-12 15:02:21,870] INFO:huey:Worker-1:Executing mlflow.server.jobs.utils.online_scoring_scheduler: e8b27844-6851-43e7-80af-0ccda9175f19
2026/02/12 15:02:22 INFO alembic.runtime.plugins: setup plugin alembic.autogenerate.schemas
2026/02/12 15:02:22 INFO alembic.runtime.plugins: setup plugin alembic.autogenerate.tables
2026/02/12 15:02:22 INFO alembic.runtime.plugins: setup plugin alembic.autogenerate.types
2026/02/12 15:02:22 INFO alembic.runtime.plugins: setup plugin alembic.autogenerate.constraints
2026/02/12 15:02:22 INFO alembic.runtime.plugins: setup plugin alembic.autogenerate.defaults
2026/02/12 15:02:22 INFO alembic.runtime.plugins: setup plugin alembic.autogenerate.comments
[2026-02-12 15:02:22,581] INFO:huey:Worker-1:mlflow.server.jobs.utils.online_scoring_scheduler: e8b27844-6851-43e7-80af-0ccda9175f19 executed in 0.711s
2026/02/12 15:02:29 INFO alembic.runtime.plugins: setup plugin alembic.autogenerate.schemas
2026/02/12 15:02:29 INFO alembic.runtime.plugins: setup plugin alembic.autogenerate.tables
2026/02/12 15:02:29 INFO alembic.runtime.plugins: setup plugin alembic.autogenerate.types
2026/02/12 15:02:29 INFO alembic.runtime.plugins: setup plugin alembic.autogenerate.constraints
2026/02/12 15:02:29 INFO alembic.runtime.plugins: setup plugin alembic.autogenerate.defaults
2026/02/12 15:02:29 INFO alembic.runtime.plugins: setup plugin alembic.autogenerate.comments
Exception ignored while joining a thread in _thread._shutdown():
[2026-02-12 15:02:32,887] INFO:huey.consumer:MainThread:Received SIGINT
Traceback (most recent call last):
[2026-02-12 15:02:32,887] INFO:huey.consumer:MainThread:Received SIGINT
[2026-02-12 15:02:32,887] INFO:huey.consumer:MainThread:Received SIGINT
[2026-02-12 15:02:32,887] INFO:huey.consumer:MainThread:Received SIGINT
  File "/usr/local/Cellar/python@3.14/3.14.2/Frameworks/Python.framework/Versions/3.14/lib/python3.14/threading.py", line 1583, in _shutdown
    _thread_shutdown()
KeyboardInterrupt: 
[2026-02-12 15:02:32,889] INFO:huey.consumer:MainThread:Shutting down gracefully...
INFO:     Shutting down
[2026-02-12 15:02:32,903] INFO:huey.consumer:MainThread:Shutting down gracefully...
INFO:     Shutting down
INFO:     Shutting down
INFO:     Shutting down
[2026-02-12 15:02:32,974] INFO:huey.consumer:MainThread:Shutting down gracefully...
[2026-02-12 15:02:32,974] INFO:huey.consumer:MainThread:Shutting down gracefully...
INFO:     Waiting for application shutdown.
INFO:     Application shutdown complete.
INFO:     Finished server process [48973]
INFO:     Waiting for application shutdown.
INFO:     Waiting for application shutdown.
INFO:     Application shutdown complete.
INFO:     Application shutdown complete.
INFO:     Finished server process [48975]
INFO:     Finished server process [48974]
INFO:     Waiting for application shutdown.
INFO:     Application shutdown complete.
INFO:     Finished server process [48972]

Aborted!
INFO:     Received SIGINT, exiting.
INFO:     Terminated child process [48972]
INFO:     Terminated child process [48973]
INFO:     Terminated child process [48974]
INFO:     Terminated child process [48975]
INFO:     Waiting for child process [48972]
INFO:     Waiting for child process [48973]
INFO:     Waiting for child process [48974]
INFO:     Waiting for child process [48975]
INFO:     Stopping parent process [48969]
[2026-02-12 15:02:33,866] INFO:huey.consumer:MainThread:All workers have stopped.
[2026-02-12 15:02:33,866] INFO:huey.consumer:MainThread:All workers have stopped.
[2026-02-12 15:02:33,866] INFO:huey.consumer:MainThread:All workers have stopped.
[2026-02-12 15:02:33,866] INFO:huey.consumer:MainThread:Consumer exiting.
[2026-02-12 15:02:33,866] INFO:huey.consumer:MainThread:Consumer exiting.
[2026-02-12 15:02:33,866] INFO:huey.consumer:MainThread:Consumer exiting.
